<?xml version="1.0" encoding="UTF-8"?>
<testsuite xmlns:xsi="http://www.w3.org/2001/XMLSchema-instance" xsi:noNamespaceSchemaLocation="https://maven.apache.org/surefire/maven-surefire-plugin/xsd/surefire-test-report-3.0.xsd" version="3.0" name="edu.uca.registration.system.SystemTest" time="0.132" tests="6" errors="0" skipped="0" failures="0">
  <properties>
    <property name="java.specification.version" value="17"/>
    <property name="sun.cpu.isalist" value="amd64"/>
    <property name="sun.jnu.encoding" value="UTF-8"/>
    <property name="java.class.path" value="C:\Users\m1330\Downloads\LAB2 REVIRE\Lab3-3\uca-course-registration\target\test-classes;C:\Users\m1330\Downloads\LAB2 REVIRE\Lab3-3\uca-course-registration\target\classes;C:\Users\m1330\.m2\repository\org\junit\jupiter\junit-jupiter-api\5.10.0\junit-jupiter-api-5.10.0.jar;C:\Users\m1330\.m2\repository\org\opentest4j\opentest4j\1.3.0\opentest4j-1.3.0.jar;C:\Users\m1330\.m2\repository\org\junit\platform\junit-platform-commons\1.10.0\junit-platform-commons-1.10.0.jar;C:\Users\m1330\.m2\repository\org\apiguardian\apiguardian-api\1.1.2\apiguardian-api-1.1.2.jar;C:\Users\m1330\.m2\repository\org\junit\jupiter\junit-jupiter-engine\5.10.0\junit-jupiter-engine-5.10.0.jar;C:\Users\m1330\.m2\repository\org\junit\platform\junit-platform-engine\1.10.0\junit-platform-engine-1.10.0.jar;C:\Users\m1330\.m2\repository\org\mockito\mockito-core\5.5.0\mockito-core-5.5.0.jar;C:\Users\m1330\.m2\repository\net\bytebuddy\byte-buddy\1.14.6\byte-buddy-1.14.6.jar;C:\Users\m1330\.m2\repository\net\bytebuddy\byte-buddy-agent\1.14.6\byte-buddy-agent-1.14.6.jar;C:\Users\m1330\.m2\repository\org\objenesis\objenesis\3.3\objenesis-3.3.jar;C:\Users\m1330\.m2\repository\org\mockito\mockito-junit-jupiter\5.5.0\mockito-junit-jupiter-5.5.0.jar;C:\Users\m1330\.m2\repository\org\assertj\assertj-core\3.24.2\assertj-core-3.24.2.jar;"/>
    <property name="java.vm.vendor" value="Eclipse Adoptium"/>
    <property name="sun.arch.data.model" value="64"/>
    <property name="user.variant" value=""/>
    <property name="java.vendor.url" value="https://adoptium.net/"/>
    <property name="user.timezone" value="America/Chicago"/>
    <property name="user.country.format" value="US"/>
    <property name="os.name" value="Windows 10"/>
    <property name="java.vm.specification.version" value="17"/>
    <property name="sun.java.launcher" value="SUN_STANDARD"/>
    <property name="user.country" value="CN"/>
    <property name="sun.boot.library.path" value="C:\Program Files\Eclipse Adoptium\jdk-17.0.17.10-hotspot\bin"/>
    <property name="sun.java.command" value="C:\Users\m1330\AppData\Local\Temp\surefire6021520469475798647\surefirebooter-20251030222327111_3.jar C:\Users\m1330\AppData\Local\Temp\surefire6021520469475798647 2025-10-30T22-23-26_961-jvmRun1 surefire-20251030222327111_1tmp surefire_0-20251030222327111_2tmp"/>
    <property name="jdk.debug" value="release"/>
    <property name="test" value="SystemTest"/>
    <property name="surefire.test.class.path" value="C:\Users\m1330\Downloads\LAB2 REVIRE\Lab3-3\uca-course-registration\target\test-classes;C:\Users\m1330\Downloads\LAB2 REVIRE\Lab3-3\uca-course-registration\target\classes;C:\Users\m1330\.m2\repository\org\junit\jupiter\junit-jupiter-api\5.10.0\junit-jupiter-api-5.10.0.jar;C:\Users\m1330\.m2\repository\org\opentest4j\opentest4j\1.3.0\opentest4j-1.3.0.jar;C:\Users\m1330\.m2\repository\org\junit\platform\junit-platform-commons\1.10.0\junit-platform-commons-1.10.0.jar;C:\Users\m1330\.m2\repository\org\apiguardian\apiguardian-api\1.1.2\apiguardian-api-1.1.2.jar;C:\Users\m1330\.m2\repository\org\junit\jupiter\junit-jupiter-engine\5.10.0\junit-jupiter-engine-5.10.0.jar;C:\Users\m1330\.m2\repository\org\junit\platform\junit-platform-engine\1.10.0\junit-platform-engine-1.10.0.jar;C:\Users\m1330\.m2\repository\org\mockito\mockito-core\5.5.0\mockito-core-5.5.0.jar;C:\Users\m1330\.m2\repository\net\bytebuddy\byte-buddy\1.14.6\byte-buddy-1.14.6.jar;C:\Users\m1330\.m2\repository\net\bytebuddy\byte-buddy-agent\1.14.6\byte-buddy-agent-1.14.6.jar;C:\Users\m1330\.m2\repository\org\objenesis\objenesis\3.3\objenesis-3.3.jar;C:\Users\m1330\.m2\repository\org\mockito\mockito-junit-jupiter\5.5.0\mockito-junit-jupiter-5.5.0.jar;C:\Users\m1330\.m2\repository\org\assertj\assertj-core\3.24.2\assertj-core-3.24.2.jar;"/>
    <property name="sun.cpu.endian" value="little"/>
    <property name="user.home" value="C:\Users\m1330"/>
    <property name="user.language" value="zh"/>
    <property name="java.specification.vendor" value="Oracle Corporation"/>
    <property name="java.version.date" value="2025-10-21"/>
    <property name="java.home" value="C:\Program Files\Eclipse Adoptium\jdk-17.0.17.10-hotspot"/>
    <property name="file.separator" value="\"/>
    <property name="basedir" value="C:\Users\m1330\Downloads\LAB2 REVIRE\Lab3-3\uca-course-registration"/>
    <property name="java.vm.compressedOopsMode" value="Zero based"/>
    <property name="line.separator" value="&#10;"/>
    <property name="java.vm.specification.vendor" value="Oracle Corporation"/>
    <property name="java.specification.name" value="Java Platform API Specification"/>
    <property name="surefire.real.class.path" value="C:\Users\m1330\AppData\Local\Temp\surefire6021520469475798647\surefirebooter-20251030222327111_3.jar"/>
    <property name="user.script" value=""/>
    <property name="sun.management.compiler" value="HotSpot 64-Bit Tiered Compilers"/>
    <property name="java.runtime.version" value="17.0.17+10"/>
    <property name="user.name" value="m1330"/>
    <property name="path.separator" value=";"/>
    <property name="os.version" value="10.0"/>
    <property name="java.runtime.name" value="OpenJDK Runtime Environment"/>
    <property name="file.encoding" value="UTF-8"/>
    <property name="java.vm.name" value="OpenJDK 64-Bit Server VM"/>
    <property name="java.vendor.version" value="Temurin-17.0.17+10"/>
    <property name="localRepository" value="C:\Users\m1330\.m2\repository"/>
    <property name="java.vendor.url.bug" value="https://github.com/adoptium/adoptium-support/issues"/>
    <property name="java.io.tmpdir" value="C:\Users\m1330\AppData\Local\Temp\"/>
    <property name="java.version" value="17.0.17"/>
    <property name="user.dir" value="C:\Users\m1330\Downloads\LAB2 REVIRE\Lab3-3\uca-course-registration"/>
    <property name="os.arch" value="amd64"/>
    <property name="java.vm.specification.name" value="Java Virtual Machine Specification"/>
    <property name="user.language.format" value="en"/>
    <property name="sun.os.patch.level" value=""/>
    <property name="native.encoding" value="UTF-8"/>
    <property name="java.library.path" value="C:\Program Files\Eclipse Adoptium\jdk-17.0.17.10-hotspot\bin;C:\Windows\Sun\Java\bin;C:\Windows\system32;C:\Windows;C:\Program Files\Eclipse Adoptium\jdk-17.0.17.10-hotspot\bin;C:\Program Files\Eclipse Adoptium\jdk-17.0.13.11-hotspot\bin;C:\Program Files\Eclipse Adoptium\jdk-17.0.13.11-hotspot\bin;C:\Users\m1330\bin;F:\OOPJAVA\Git\mingw64\bin;F:\OOPJAVA\Git\usr\local\bin;F:\OOPJAVA\Git\usr\bin;F:\OOPJAVA\Git\usr\bin;F:\OOPJAVA\Git\mingw64\bin;F:\OOPJAVA\Git\usr\bin;C:\Users\m1330\bin;C:\Users\m1330\AppData\Roaming\Code\User\globalStorage\pleiades.java-extension-pack-jdk\gradle\latest\bin;C:\Users\m1330\AppData\Roaming\Code\User\globalStorage\pleiades.java-extension-pack-jdk\maven\latest\bin;C:\Users\m1330\AppData\Roaming\Code\User\globalStorage\pleiades.java-extension-pack-jdk\java\latest\bin;C:\Program Files\Eclipse Adoptium\jdk-17.0.17.10-hotspot\bin;C:\Program Files\Eclipse Adoptium\jdk-17.0.17.10-hotspot\bin;F:\SQL\app\oracle\product\11.2.0\server\bin;C:\Program Files\Oculus\Support\oculus-runtime;C:\Program Files (x86)\Razer Chroma SDK\bin;C:\Program Files\Razer Chroma SDK\bin;C:\Program Files (x86)\Razer\ChromaBroadcast\bin;C:\Program Files\Razer\ChromaBroadcast\bin;C:\Windows\system32;C:\Windows;C:\Windows\System32\Wbem;C:\Windows\System32\WindowsPowerShell\v1.0;C:\Windows\System32\OpenSSH;C:\Program Files (x86)\NVIDIA Corporation\PhysX\Common;C:\Windows\system32\config\systemprofile\AppData\Local\Microsoft\WindowsApps;C:\Program Files\dotnet;C:\Program Files (x86)\Windows Kits\10\Windows Performance Toolkit;F:\OOPJAVA\Git\cmd;C:\Program Files\Graphviz\bin;C:\Program Files\NVIDIA Corporation\NVIDIA App\NvDLISR;C:\Users\m1330\AppData\Local\Programs\Python\Launcher;C:\Users\m1330\AppData\Local\Microsoft\WindowsApps;C:\Program Files\Bandizip;C:\Users\m1330\AppData\Local\GitHubDesktop\bin;C:\Users\m1330\AppData\Roaming\Programs\Zero Install;F:\Microsoft VS Code\bin;F:\OOPJAVA\IntelliJ IDEA 2024.3.1.1\bin;C:\Users\m1330\AppData\Local\Programs\Python\Python313\Scripts;C:\Users\m1330\AppData\Roaming\Code\User\globalStorage\github.copilot-chat\debugCommand;F:\OOPJAVA\Git\usr\bin\vendor_perl;F:\OOPJAVA\Git\usr\bin\core_perl;."/>
    <property name="java.vm.info" value="mixed mode, sharing"/>
    <property name="java.vendor" value="Eclipse Adoptium"/>
    <property name="java.vm.version" value="17.0.17+10"/>
    <property name="java.specification.maintenance.version" value="1"/>
    <property name="sun.io.unicode.encoding" value="UnicodeLittle"/>
    <property name="java.class.version" value="61.0"/>
  </properties>
  <testcase name="testCompleteRegistrationWorkflow" classname="edu.uca.registration.system.SystemTest" time="0.066"/>
  <testcase name="testWaitlistPromotionWorkflow" classname="edu.uca.registration.system.SystemTest" time="0.007"/>
  <testcase name="testMultipleCourseEnrollments" classname="edu.uca.registration.system.SystemTest" time="0.002"/>
  <testcase name="testErrorHandlingInWorkflow" classname="edu.uca.registration.system.SystemTest" time="0.005"/>
  <testcase name="testLargeScaleEnrollment" classname="edu.uca.registration.system.SystemTest" time="0.017"/>
  <testcase name="testBoundaryConditions" classname="edu.uca.registration.system.SystemTest" time="0.002"/>
</testsuite>